# JRE version: OpenJDK Runtime Environment Temurin-17.0.5+8 (17.0.5+8) (build 17.0.5+8)
# Java VM: OpenJDK 64-Bit Server VM Temurin-17.0.5+8 (17.0.5+8, mixed mode, tiered, compressed oops, compressed class ptrs, parallel gc, windows-amd64)
GC Precious Log:
 CPUs: 4 total, 4 available
 Memory: 12193M
 Large Page Support: Disabled
 NUMA Support: Disabled
 Compressed Oops: Enabled (32-bit)
 Alignments: Space 512K, Generation 512K, Heap 2M
 Heap Min Capacity: 100M
 Heap Initial Capacity: 100M
 Heap Max Capacity: 1G
 Pre-touch: Disabled
 Parallel Workers: 4
Heap:
 PSYoungGen      total 22016K, used 8961K [0x00000000eab00000, 0x00000000ec380000, 0x0000000100000000)
  eden space 20992K, 37% used [0x00000000eab00000,0x00000000eb2c54f8,0x00000000ebf80000)
  from space 1024K, 98% used [0x00000000ec180000,0x00000000ec27b290,0x00000000ec280000)
  to   space 2048K, 0% used [0x00000000ebf80000,0x00000000ebf80000,0x00000000ec180000)
 ParOldGen       total 68608K, used 25938K [0x00000000c0000000, 0x00000000c4300000, 0x00000000eab00000)
  object space 68608K, 37% used [0x00000000c0000000,0x00000000c1954af0,0x00000000c4300000)
 Metaspace       used 46594K, committed 47296K, reserved 1097728K
  class space    used 4671K, committed 4992K, reserved 1048576K
GC Heap History (20 events):
Event: 36.193 GC heap before
{Heap before GC invocations=11 (full 2):
 PSYoungGen      total 24576K, used 24064K [0x00000000eab00000, 0x00000000ec880000, 0x0000000100000000)
  eden space 24064K, 100% used [0x00000000eab00000,0x00000000ec280000,0x00000000ec280000)
  from space 512K, 0% used [0x00000000ec600000,0x00000000ec600000,0x00000000ec680000)
  to   space 3072K, 0% used [0x00000000ec280000,0x00000000ec280000,0x00000000ec580000)
 ParOldGen       total 68608K, used 11637K [0x00000000c0000000, 0x00000000c4300000, 0x00000000eab00000)
  object space 68608K, 16% used [0x00000000c0000000,0x00000000c0b5d5c8,0x00000000c4300000)
 Metaspace       used 35720K, committed 36416K, reserved 1089536K
  class space    used 3601K, committed 3904K, reserved 1048576K
}
Event: 36.197 GC heap after
{Heap after GC invocations=11 (full 2):
 PSYoungGen      total 26112K, used 2304K [0x00000000eab00000, 0x00000000ec700000, 0x0000000100000000)
  eden space 23552K, 0% used [0x00000000eab00000,0x00000000eab00000,0x00000000ec200000)
  from space 2560K, 90% used [0x00000000ec280000,0x00000000ec4c0020,0x00000000ec500000)
  to   space 2048K, 0% used [0x00000000ec500000,0x00000000ec500000,0x00000000ec700000)
 ParOldGen       total 68608K, used 11645K [0x00000000c0000000, 0x00000000c4300000, 0x00000000eab00000)
  object space 68608K, 16% used [0x00000000c0000000,0x00000000c0b5f5c8,0x00000000c4300000)
 Metaspace       used 35720K, committed 36416K, reserved 1089536K
  class space    used 3601K, committed 3904K, reserved 1048576K
}
Event: 36.569 GC heap before
{Heap before GC invocations=12 (full 2):
 PSYoungGen      total 26112K, used 25856K [0x00000000eab00000, 0x00000000ec700000, 0x0000000100000000)
  eden space 23552K, 100% used [0x00000000eab00000,0x00000000ec200000,0x00000000ec200000)
  from space 2560K, 90% used [0x00000000ec280000,0x00000000ec4c0020,0x00000000ec500000)
  to   space 2048K, 0% used [0x00000000ec500000,0x00000000ec500000,0x00000000ec700000)
 ParOldGen       total 68608K, used 11645K [0x00000000c0000000, 0x00000000c4300000, 0x00000000eab00000)
  object space 68608K, 16% used [0x00000000c0000000,0x00000000c0b5f5c8,0x00000000c4300000)
 Metaspace       used 35805K, committed 36480K, reserved 1089536K
  class space    used 3613K, committed 3904K, reserved 1048576K
}
Event: 36.574 GC heap after
{Heap after GC invocations=12 (full 2):
 PSYoungGen      total 23040K, used 2016K [0x00000000eab00000, 0x00000000ecc80000, 0x0000000100000000)
  eden space 20992K, 0% used [0x00000000eab00000,0x00000000eab00000,0x00000000ebf80000)
  from space 2048K, 98% used [0x00000000ec500000,0x00000000ec6f8010,0x00000000ec700000)
  to   space 5632K, 0% used [0x00000000ebf80000,0x00000000ebf80000,0x00000000ec500000)
 ParOldGen       total 68608K, used 14533K [0x00000000c0000000, 0x00000000c4300000, 0x00000000eab00000)
  object space 68608K, 21% used [0x00000000c0000000,0x00000000c0e317f8,0x00000000c4300000)
 Metaspace       used 35805K, committed 36480K, reserved 1089536K
  class space    used 3613K, committed 3904K, reserved 1048576K
}
Event: 36.661 GC heap before
{Heap before GC invocations=13 (full 2):
 PSYoungGen      total 23040K, used 23008K [0x00000000eab00000, 0x00000000ecc80000, 0x0000000100000000)
  eden space 20992K, 100% used [0x00000000eab00000,0x00000000ebf80000,0x00000000ebf80000)
  from space 2048K, 98% used [0x00000000ec500000,0x00000000ec6f8010,0x00000000ec700000)
  to   space 5632K, 0% used [0x00000000ebf80000,0x00000000ebf80000,0x00000000ec500000)
 ParOldGen       total 68608K, used 14533K [0x00000000c0000000, 0x00000000c4300000, 0x00000000eab00000)
  object space 68608K, 21% used [0x00000000c0000000,0x00000000c0e317f8,0x00000000c4300000)
 Metaspace       used 35805K, committed 36480K, reserved 1089536K
  class space    used 3613K, committed 3904K, reserved 1048576K
}
Event: 36.667 GC heap after
{Heap after GC invocations=13 (full 2):
 PSYoungGen      total 23552K, used 2272K [0x00000000eab00000, 0x00000000ec680000, 0x0000000100000000)
  eden space 20992K, 0% used [0x00000000eab00000,0x00000000eab00000,0x00000000ebf80000)
  from space 2560K, 88% used [0x00000000ebf80000,0x00000000ec1b8000,0x00000000ec200000)
  to   space 3584K, 0% used [0x00000000ec300000,0x00000000ec300000,0x00000000ec680000)
 ParOldGen       total 68608K, used 16566K [0x00000000c0000000, 0x00000000c4300000, 0x00000000eab00000)
  object space 68608K, 24% used [0x00000000c0000000,0x00000000c102d808,0x00000000c4300000)
 Metaspace       used 35805K, committed 36480K, reserved 1089536K
  class space    used 3613K, committed 3904K, reserved 1048576K
}
Event: 36.785 GC heap before
{Heap before GC invocations=14 (full 2):
 PSYoungGen      total 23552K, used 23264K [0x00000000eab00000, 0x00000000ec680000, 0x0000000100000000)
  eden space 20992K, 100% used [0x00000000eab00000,0x00000000ebf80000,0x00000000ebf80000)
  from space 2560K, 88% used [0x00000000ebf80000,0x00000000ec1b8000,0x00000000ec200000)
  to   space 3584K, 0% used [0x00000000ec300000,0x00000000ec300000,0x00000000ec680000)
 ParOldGen       total 68608K, used 16566K [0x00000000c0000000, 0x00000000c4300000, 0x00000000eab00000)
  object space 68608K, 24% used [0x00000000c0000000,0x00000000c102d808,0x00000000c4300000)
 Metaspace       used 35805K, committed 36480K, reserved 1089536K
  class space    used 3613K, committed 3904K, reserved 1048576K
}
Event: 36.790 GC heap after
{Heap after GC invocations=14 (full 2):
 PSYoungGen      total 24064K, used 2560K [0x00000000eab00000, 0x00000000ec600000, 0x0000000100000000)
  eden space 20992K, 0% used [0x00000000eab00000,0x00000000eab00000,0x00000000ebf80000)
  from space 3072K, 83% used [0x00000000ec300000,0x00000000ec580010,0x00000000ec600000)
  to   space 3072K, 0% used [0x00000000ec000000,0x00000000ec000000,0x00000000ec300000)
 ParOldGen       total 68608K, used 18750K [0x00000000c0000000, 0x00000000c4300000, 0x00000000eab00000)
  object space 68608K, 27% used [0x00000000c0000000,0x00000000c124f808,0x00000000c4300000)
 Metaspace       used 35805K, committed 36480K, reserved 1089536K
  class space    used 3613K, committed 3904K, reserved 1048576K
}
Event: 37.387 GC heap before
{Heap before GC invocations=15 (full 2):
 PSYoungGen      total 24064K, used 23552K [0x00000000eab00000, 0x00000000ec600000, 0x0000000100000000)
  eden space 20992K, 100% used [0x00000000eab00000,0x00000000ebf80000,0x00000000ebf80000)
  from space 3072K, 83% used [0x00000000ec300000,0x00000000ec580010,0x00000000ec600000)
  to   space 3072K, 0% used [0x00000000ec000000,0x00000000ec000000,0x00000000ec300000)
 ParOldGen       total 68608K, used 18750K [0x00000000c0000000, 0x00000000c4300000, 0x00000000eab00000)
  object space 68608K, 27% used [0x00000000c0000000,0x00000000c124f808,0x00000000c4300000)
 Metaspace       used 36318K, committed 36992K, reserved 1089536K
  class space    used 3663K, committed 3968K, reserved 1048576K
}
Event: 37.392 GC heap after
{Heap after GC invocations=15 (full 2):
 PSYoungGen      total 24064K, used 2624K [0x00000000eab00000, 0x00000000ec580000, 0x0000000100000000)
  eden space 20992K, 0% used [0x00000000eab00000,0x00000000eab00000,0x00000000ebf80000)
  from space 3072K, 85% used [0x00000000ec000000,0x00000000ec290000,0x00000000ec300000)
  to   space 2560K, 0% used [0x00000000ec300000,0x00000000ec300000,0x00000000ec580000)
 ParOldGen       total 68608K, used 21286K [0x00000000c0000000, 0x00000000c4300000, 0x00000000eab00000)
  object space 68608K, 31% used [0x00000000c0000000,0x00000000c14c9818,0x00000000c4300000)
 Metaspace       used 36318K, committed 36992K, reserved 1089536K
  class space    used 3663K, committed 3968K, reserved 1048576K
}
Event: 39.621 GC heap before
{Heap before GC invocations=16 (full 2):
 PSYoungGen      total 24064K, used 23594K [0x00000000eab00000, 0x00000000ec580000, 0x0000000100000000)
  eden space 20992K, 99% used [0x00000000eab00000,0x00000000ebf7a948,0x00000000ebf80000)
  from space 3072K, 85% used [0x00000000ec000000,0x00000000ec290000,0x00000000ec300000)
  to   space 2560K, 0% used [0x00000000ec300000,0x00000000ec300000,0x00000000ec580000)
 ParOldGen       total 68608K, used 21286K [0x00000000c0000000, 0x00000000c4300000, 0x00000000eab00000)
  object space 68608K, 31% used [0x00000000c0000000,0x00000000c14c9818,0x00000000c4300000)
 Metaspace       used 38714K, committed 39360K, reserved 1089536K
  class space    used 3925K, committed 4224K, reserved 1048576K
}
Event: 39.626 GC heap after
{Heap after GC invocations=16 (full 2):
 PSYoungGen      total 22016K, used 998K [0x00000000eab00000, 0x00000000ec400000, 0x0000000100000000)
  eden space 20992K, 0% used [0x00000000eab00000,0x00000000eab00000,0x00000000ebf80000)
  from space 1024K, 97% used [0x00000000ec300000,0x00000000ec3f9ab0,0x00000000ec400000)
  to   space 2048K, 0% used [0x00000000ec000000,0x00000000ec000000,0x00000000ec200000)
 ParOldGen       total 68608K, used 23856K [0x00000000c0000000, 0x00000000c4300000, 0x00000000eab00000)
  object space 68608K, 34% used [0x00000000c0000000,0x00000000c174c3f0,0x00000000c4300000)
 Metaspace       used 38714K, committed 39360K, reserved 1089536K
  class space    used 3925K, committed 4224K, reserved 1048576K
}
Event: 41.102 GC heap before
{Heap before GC invocations=17 (full 2):
 PSYoungGen      total 22016K, used 21990K [0x00000000eab00000, 0x00000000ec400000, 0x0000000100000000)
  eden space 20992K, 100% used [0x00000000eab00000,0x00000000ebf80000,0x00000000ebf80000)
  from space 1024K, 97% used [0x00000000ec300000,0x00000000ec3f9ab0,0x00000000ec400000)
  to   space 2048K, 0% used [0x00000000ec000000,0x00000000ec000000,0x00000000ec200000)
 ParOldGen       total 68608K, used 23856K [0x00000000c0000000, 0x00000000c4300000, 0x00000000eab00000)
  object space 68608K, 34% used [0x00000000c0000000,0x00000000c174c3f0,0x00000000c4300000)
 Metaspace       used 40129K, committed 40768K, reserved 1089536K
  class space    used 4068K, committed 4352K, reserved 1048576K
}
Event: 41.104 GC heap after
{Heap after GC invocations=17 (full 2):
 PSYoungGen      total 23040K, used 1055K [0x00000000eab00000, 0x00000000ec380000, 0x0000000100000000)
  eden space 20992K, 0% used [0x00000000eab00000,0x00000000eab00000,0x00000000ebf80000)
  from space 2048K, 51% used [0x00000000ec000000,0x00000000ec107da0,0x00000000ec200000)
  to   space 1536K, 0% used [0x00000000ec200000,0x00000000ec200000,0x00000000ec380000)
 ParOldGen       total 68608K, used 24771K [0x00000000c0000000, 0x00000000c4300000, 0x00000000eab00000)
  object space 68608K, 36% used [0x00000000c0000000,0x00000000c1830f10,0x00000000c4300000)
 Metaspace       used 40129K, committed 40768K, reserved 1089536K
  class space    used 4068K, committed 4352K, reserved 1048576K
}
Event: 41.622 GC heap before
{Heap before GC invocations=18 (full 2):
 PSYoungGen      total 23040K, used 21890K [0x00000000eab00000, 0x00000000ec380000, 0x0000000100000000)
  eden space 20992K, 99% used [0x00000000eab00000,0x00000000ebf58e28,0x00000000ebf80000)
  from space 2048K, 51% used [0x00000000ec000000,0x00000000ec107da0,0x00000000ec200000)
  to   space 1536K, 0% used [0x00000000ec200000,0x00000000ec200000,0x00000000ec380000)
 ParOldGen       total 68608K, used 24771K [0x00000000c0000000, 0x00000000c4300000, 0x00000000eab00000)
  object space 68608K, 36% used [0x00000000c0000000,0x00000000c1830f10,0x00000000c4300000)
 Metaspace       used 40178K, committed 40832K, reserved 1089536K
  class space    used 4069K, committed 4352K, reserved 1048576K
}
Event: 41.624 GC heap after
{Heap after GC invocations=18 (full 2):
 PSYoungGen      total 22016K, used 877K [0x00000000eab00000, 0x00000000ec300000, 0x0000000100000000)
  eden space 20992K, 0% used [0x00000000eab00000,0x00000000eab00000,0x00000000ebf80000)
  from space 1024K, 85% used [0x00000000ec200000,0x00000000ec2db6a0,0x00000000ec300000)
  to   space 1024K, 0% used [0x00000000ec100000,0x00000000ec100000,0x00000000ec200000)
 ParOldGen       total 68608K, used 25412K [0x00000000c0000000, 0x00000000c4300000, 0x00000000eab00000)
  object space 68608K, 37% used [0x00000000c0000000,0x00000000c18d1090,0x00000000c4300000)
 Metaspace       used 40178K, committed 40832K, reserved 1089536K
  class space    used 4069K, committed 4352K, reserved 1048576K
}
Event: 43.216 GC heap before
{Heap before GC invocations=19 (full 2):
 PSYoungGen      total 22016K, used 21869K [0x00000000eab00000, 0x00000000ec300000, 0x0000000100000000)
  eden space 20992K, 100% used [0x00000000eab00000,0x00000000ebf80000,0x00000000ebf80000)
  from space 1024K, 85% used [0x00000000ec200000,0x00000000ec2db6a0,0x00000000ec300000)
  to   space 1024K, 0% used [0x00000000ec100000,0x00000000ec100000,0x00000000ec200000)
 ParOldGen       total 68608K, used 25412K [0x00000000c0000000, 0x00000000c4300000, 0x00000000eab00000)
  object space 68608K, 37% used [0x00000000c0000000,0x00000000c18d1090,0x00000000c4300000)
 Metaspace       used 42229K, committed 42944K, reserved 1089536K
  class space    used 4274K, committed 4608K, reserved 1048576K
}
Event: 43.218 GC heap after
{Heap after GC invocations=19 (full 2):
 PSYoungGen      total 21504K, used 288K [0x00000000eab00000, 0x00000000ec280000, 0x0000000100000000)
  eden space 20992K, 0% used [0x00000000eab00000,0x00000000eab00000,0x00000000ebf80000)
  from space 512K, 56% used [0x00000000ec100000,0x00000000ec148000,0x00000000ec180000)
  to   space 1024K, 0% used [0x00000000ec180000,0x00000000ec180000,0x00000000ec280000)
 ParOldGen       total 68608K, used 25436K [0x00000000c0000000, 0x00000000c4300000, 0x00000000eab00000)
  object space 68608K, 37% used [0x00000000c0000000,0x00000000c18d7090,0x00000000c4300000)
 Metaspace       used 42229K, committed 42944K, reserved 1089536K
  class space    used 4274K, committed 4608K, reserved 1048576K
}
Event: 45.347 GC heap before
{Heap before GC invocations=20 (full 2):
 PSYoungGen      total 21504K, used 21280K [0x00000000eab00000, 0x00000000ec280000, 0x0000000100000000)
  eden space 20992K, 100% used [0x00000000eab00000,0x00000000ebf80000,0x00000000ebf80000)
  from space 512K, 56% used [0x00000000ec100000,0x00000000ec148000,0x00000000ec180000)
  to   space 1024K, 0% used [0x00000000ec180000,0x00000000ec180000,0x00000000ec280000)
 ParOldGen       total 68608K, used 25436K [0x00000000c0000000, 0x00000000c4300000, 0x00000000eab00000)
  object space 68608K, 37% used [0x00000000c0000000,0x00000000c18d7090,0x00000000c4300000)
 Metaspace       used 45707K, committed 46400K, reserved 1097728K
  class space    used 4570K, committed 4864K, reserved 1048576K
}
Event: 45.349 GC heap after
{Heap after GC invocations=20 (full 2):
 PSYoungGen      total 22016K, used 1004K [0x00000000eab00000, 0x00000000ec380000, 0x0000000100000000)
  eden space 20992K, 0% used [0x00000000eab00000,0x00000000eab00000,0x00000000ebf80000)
  from space 1024K, 98% used [0x00000000ec180000,0x00000000ec27b290,0x00000000ec280000)
  to   space 2048K, 0% used [0x00000000ebf80000,0x00000000ebf80000,0x00000000ec180000)
 ParOldGen       total 68608K, used 25938K [0x00000000c0000000, 0x00000000c4300000, 0x00000000eab00000)
  object space 68608K, 37% used [0x00000000c0000000,0x00000000c1954af0,0x00000000c4300000)
 Metaspace       used 45707K, committed 46400K, reserved 1097728K
  class space    used 4570K, committed 4864K, reserved 1048576K
}

